<?xml version="1.0" encoding="UTF-8"?>
<testng-results ignored="0" total="1" passed="1" failed="0" skipped="0">
  <reporter-output>
  </reporter-output>
  <suite started-at="2023-03-13T14:44:39 IST" name="Cogmento Application" finished-at="2023-03-13T14:45:05 IST" duration-ms="25114">
    <groups>
      <group name="Regression">
        <method signature="LoginPageTest.validateLoginFunctionality()[pri:0, instance:TestLayer.LoginPageTest@31fa1761]" name="validateLoginFunctionality" class="TestLayer.LoginPageTest"/>
      </group> <!-- Regression -->
      <group name="LoginPage">
        <method signature="LoginPageTest.validateLoginFunctionality()[pri:0, instance:TestLayer.LoginPageTest@31fa1761]" name="validateLoginFunctionality" class="TestLayer.LoginPageTest"/>
      </group> <!-- LoginPage -->
    </groups>
    <test started-at="2023-03-13T14:44:39 IST" name="Test" finished-at="2023-03-13T14:45:05 IST" duration-ms="25114">
      <class name="TestLayer.LoginPageTest">
        <test-method is-config="true" signature="setUp()[pri:0, instance:TestLayer.LoginPageTest@31fa1761]" started-at="2023-03-13T14:44:40 IST" name="setUp" finished-at="2023-03-13T14:44:52 IST" duration-ms="11772" status="PASS">
          <reporter-output>
          </reporter-output>
        </test-method> <!-- setUp -->
        <test-method is-config="true" signature="setUp()[pri:0, instance:TestLayer.LoginPageTest@31fa1761]" started-at="2023-03-13T14:44:52 IST" name="setUp" finished-at="2023-03-13T14:45:03 IST" duration-ms="11201" status="PASS">
          <reporter-output>
          </reporter-output>
        </test-method> <!-- setUp -->
        <test-method signature="validateLoginFunctionality()[pri:0, instance:TestLayer.LoginPageTest@31fa1761]" started-at="2023-03-13T14:45:03 IST" name="validateLoginFunctionality" finished-at="2023-03-13T14:45:04 IST" duration-ms="1209" status="PASS">
          <reporter-output>
          </reporter-output>
        </test-method> <!-- validateLoginFunctionality -->
      </class> <!-- TestLayer.LoginPageTest -->
    </test> <!-- Test -->
  </suite> <!-- Cogmento Application -->
</testng-results>
